mode: set
github.com/youyo/emptyport/emptyport.go:8.31,10.16 2 1
github.com/youyo/emptyport/emptyport.go:13.2,14.8 2 1
github.com/youyo/emptyport/emptyport.go:10.16,12.3 1 0
github.com/youyo/emptyport/emptyport.go:17.47,19.16 2 1
github.com/youyo/emptyport/emptyport.go:22.2,24.8 3 1
github.com/youyo/emptyport/emptyport.go:19.16,21.3 1 0
github.com/youyo/emptyport/emptyport.go:27.45,29.16 2 1
github.com/youyo/emptyport/emptyport.go:32.2,33.8 2 1
github.com/youyo/emptyport/emptyport.go:29.16,31.3 1 0
github.com/youyo/emptyport/emptyport.go:36.41,38.16 2 1
github.com/youyo/emptyport/emptyport.go:41.2,41.8 1 1
github.com/youyo/emptyport/emptyport.go:38.16,40.3 1 0
